<?xml version="1.0" encoding="UTF-8"?>
<!-- Generated by org.testng.reporters.JUnitReportReporter -->
<testsuite skipped="0" hostname="ATMECSINLT-002" name="com.cheapticket.testscript.FlightSearch" tests="2" failures="0" timestamp="02 Sep 2019 16:55:50 GMT" time="29.474" errors="0">
  <testcase name="setUp" time="3.521" classname="com.cheapticket.testscript.FlightSearch"/>
  <testcase name="search" time="25.953" classname="com.cheapticket.testscript.FlightSearch"/>
</testsuite> <!-- com.cheapticket.testscript.FlightSearch -->
