<?xml version="1.0" encoding="UTF-8"?>
<!-- Generated by org.testng.reporters.JUnitReportReporter -->
<testsuite skipped="0" hostname="ATMECSINLT-002" name="com.cheapticket.testscript.OneWayFlightBooking" tests="3" failures="0" timestamp="04 Sep 2019 12:07:45 GMT" time="64.532" errors="0">
  <testcase name="openURL" time="0.360" classname="com.cheapticket.testscript.OneWayFlightBooking"/>
  <testcase name="bookTicket" time="33.242" classname="com.cheapticket.testscript.OneWayFlightBooking"/>
  <testcase name="bookTicket" time="30.930" classname="com.cheapticket.testscript.OneWayFlightBooking"/>
</testsuite> <!-- com.cheapticket.testscript.OneWayFlightBooking -->
