<?xml version="1.0" encoding="UTF-8"?>
<!-- Generated by org.testng.reporters.JUnitReportReporter -->
<testsuite skipped="0" hostname="ATMECSINLT-002" name="com.cheapticket.base.ParallelClass2" tests="2" failures="0" timestamp="03 Sep 2019 07:34:33 GMT" time="31.735" errors="0">
  <testcase name="method2" time="18.119" classname="com.cheapticket.base.ParallelClass2"/>
  <testcase name="method2" time="13.616" classname="com.cheapticket.base.ParallelClass2"/>
</testsuite> <!-- com.cheapticket.base.ParallelClass2 -->
