<?xml version="1.0" encoding="UTF-8"?>
<!-- Generated by org.testng.reporters.JUnitReportReporter -->
<testsuite skipped="0" hostname="ATMECSINLT-002" name="com.cheapticket.testscript.TwoWayFlightBooking" tests="3" failures="0" timestamp="04 Sep 2019 07:19:18 GMT" time="67.370" errors="0">
  <testcase name="openURL" time="0.384" classname="com.cheapticket.testscript.TwoWayFlightBooking"/>
  <testcase name="search" time="32.645" classname="com.cheapticket.testscript.TwoWayFlightBooking"/>
  <testcase name="search" time="34.341" classname="com.cheapticket.testscript.TwoWayFlightBooking"/>
</testsuite> <!-- com.cheapticket.testscript.TwoWayFlightBooking -->
