<?xml version="1.0" encoding="UTF-8"?>
<!-- Generated by org.testng.reporters.JUnitXMLReporter -->
<testsuite hostname="ATMECSINLT-002" ignored="0" name="Test-class test" tests="6" failures="0" timestamp="03 Sep 2019 06:36:21 GMT" time="137.082" errors="0">
  <testcase name="openURL" time="0.34" classname="com.cheapticket.testscript.OneWayFlightBooking"/>
  <testcase name="search" time="24.518" classname="com.cheapticket.testscript.OneWayFlightBooking"/>
  <testcase name="search" time="24.351" classname="com.cheapticket.testscript.OneWayFlightBooking"/>
  <testcase name="openURL" time="0.352" classname="com.cheapticket.testscript.TwoWayFlightBooking"/>
  <testcase name="search" time="34.776" classname="com.cheapticket.testscript.TwoWayFlightBooking"/>
  <testcase name="search" time="33.708" classname="com.cheapticket.testscript.TwoWayFlightBooking"/>
</testsuite> <!-- Test-class test -->
